[debug] [2025-06-10T02:13:13.902Z] ----------------------------------------------------------------------
[debug] [2025-06-10T02:13:13.904Z] Command:       /usr/bin/node /usr/bin/firebase init
[debug] [2025-06-10T02:13:13.904Z] CLI Version:   14.6.0
[debug] [2025-06-10T02:13:13.904Z] Platform:      linux
[debug] [2025-06-10T02:13:13.904Z] Node Version:  v24.1.0
[debug] [2025-06-10T02:13:13.904Z] Time:          Mon Jun 09 2025 21:13:13 GMT-0500 (Colombia Standard Time)
[debug] [2025-06-10T02:13:13.904Z] ----------------------------------------------------------------------
[debug] 
[debug] [2025-06-10T02:13:13.907Z] > command requires scopes: ["email","openid","https://www.googleapis.com/auth/cloudplatformprojects.readonly","https://www.googleapis.com/auth/firebase","https://www.googleapis.com/auth/cloud-platform"]
[debug] [2025-06-10T02:13:13.908Z] > authorizing via signed-in user (porman193@gmail.com)
[info] 
     ######## #### ########  ######## ########     ###     ######  ########
     ##        ##  ##     ## ##       ##     ##  ##   ##  ##       ##
     ######    ##  ########  ######   ########  #########  ######  ######
     ##        ##  ##    ##  ##       ##     ## ##     ##       ## ##
     ##       #### ##     ## ######## ########  ##     ##  ######  ########

You're about to initialize a Firebase project in this directory:

  /home/porman/Programing/Cursos/Angular/todoapp

[info] 
=== Project Setup
[info] 
[info] First, let's associate this project directory with a Firebase project.
[info] You can create multiple project aliases by running firebase use --add, 
[info] but for now we'll just set up a default project.
[info] 
[debug] [2025-06-10T02:14:21.202Z] Checked if tokens are valid: true, expires at: 1749525165089
[debug] [2025-06-10T02:14:21.202Z] Checked if tokens are valid: true, expires at: 1749525165089
[debug] [2025-06-10T02:14:21.205Z] >>> [apiv2][query] GET https://firebase.googleapis.com/v1beta1/projects pageSize=100
[debug] [2025-06-10T02:14:22.034Z] <<< [apiv2][status] GET https://firebase.googleapis.com/v1beta1/projects 200
[debug] [2025-06-10T02:14:22.034Z] <<< [apiv2][body] GET https://firebase.googleapis.com/v1beta1/projects [omitted]
[info] i  Using project todoapp-697a0 (TodoApp) 
[info] 
=== Hosting Setup
[debug] [2025-06-10T02:14:25.351Z] Checked if tokens are valid: true, expires at: 1749525165089
[debug] [2025-06-10T02:14:25.351Z] Checked if tokens are valid: true, expires at: 1749525165089
[debug] [2025-06-10T02:14:25.351Z] >>> [apiv2][query] GET https://firebase.googleapis.com/v1beta1/projects/todoapp-697a0 [none]
[debug] [2025-06-10T02:14:25.683Z] <<< [apiv2][status] GET https://firebase.googleapis.com/v1beta1/projects/todoapp-697a0 200
[debug] [2025-06-10T02:14:25.684Z] <<< [apiv2][body] GET https://firebase.googleapis.com/v1beta1/projects/todoapp-697a0 {"projectId":"todoapp-697a0","projectNumber":"476878948736","displayName":"TodoApp","name":"projects/todoapp-697a0","resources":{"hostingSite":"todoapp-697a0"},"state":"ACTIVE","etag":"1_ead7c53e-9dfe-45f3-bd9f-6fd222751074"}
[info] 
[info] Your public directory is the folder (relative to your project directory) that
[info] will contain Hosting assets to be uploaded with firebase deploy. If you
[info] have a build process for your assets, use your build's output directory.
[info] 
